

Started GET "/" for 54.75.235.45 at 2015-07-13 11:57:22 +0000
Processing by ApplicationController#hello as HTML
  Rendered text template (0.0ms)
Completed 200 OK in 14ms (Views: 5.5ms | ActiveRecord: 0.0ms)


Started GET "/" for 54.75.235.45 at 2015-07-13 11:57:33 +0000
Processing by ApplicationController#hello as HTML
  Rendered text template (0.0ms)
Completed 200 OK in 1ms (Views: 0.3ms | ActiveRecord: 0.0ms)


Started GET "/static_pages" for 54.75.235.45 at 2015-07-13 11:57:47 +0000

ActionController::RoutingError (No route matches [GET] "/static_pages"):
  .bundle/gems/web-console-2.0.0.beta3/lib/action_dispatch/debug_exceptions.rb:22:in `middleware_call'
  .bundle/gems/web-console-2.0.0.beta3/lib/action_dispatch/debug_exceptions.rb:13:in `call'
  .bundle/gems/actionpack-4.2.2/lib/action_dispatch/middleware/show_exceptions.rb:30:in `call'
  .bundle/gems/railties-4.2.2/lib/rails/rack/logger.rb:38:in `call_app'
  .bundle/gems/railties-4.2.2/lib/rails/rack/logger.rb:20:in `block in call'
  .bundle/gems/activesupport-4.2.2/lib/active_support/tagged_logging.rb:68:in `block in tagged'
  .bundle/gems/activesupport-4.2.2/lib/active_support/tagged_logging.rb:26:in `tagged'
  .bundle/gems/activesupport-4.2.2/lib/active_support/tagged_logging.rb:68:in `tagged'
  .bundle/gems/railties-4.2.2/lib/rails/rack/logger.rb:20:in `call'
  .bundle/gems/actionpack-4.2.2/lib/action_dispatch/middleware/request_id.rb:21:in `call'
  .bundle/gems/rack-1.6.4/lib/rack/methodoverride.rb:22:in `call'
  .bundle/gems/rack-1.6.4/lib/rack/runtime.rb:18:in `call'
  .bundle/gems/activesupport-4.2.2/lib/active_support/cache/strategy/local_cache_middleware.rb:28:in `call'
  .bundle/gems/rack-1.6.4/lib/rack/lock.rb:17:in `call'
  .bundle/gems/actionpack-4.2.2/lib/action_dispatch/middleware/static.rb:113:in `call'
  .bundle/gems/rack-1.6.4/lib/rack/sendfile.rb:113:in `call'
  .bundle/gems/railties-4.2.2/lib/rails/engine.rb:518:in `call'
  .bundle/gems/railties-4.2.2/lib/rails/application.rb:164:in `call'
  .bundle/gems/rack-1.6.4/lib/rack/lock.rb:17:in `call'
  .bundle/gems/rack-1.6.4/lib/rack/content_length.rb:15:in `call'
  .bundle/gems/rack-1.6.4/lib/rack/handler/webrick.rb:88:in `service'
  /usr/local/opt/rbenv/versions/2.1.5/lib/ruby/2.1.0/webrick/httpserver.rb:138:in `service'
  /usr/local/opt/rbenv/versions/2.1.5/lib/ruby/2.1.0/webrick/httpserver.rb:94:in `run'
  /usr/local/opt/rbenv/versions/2.1.5/lib/ruby/2.1.0/webrick/server.rb:295:in `block in start_thread'


  Rendered .bundle/gems/web-console-2.0.0.beta3/lib/action_dispatch/templates/rescues/_trace.html.erb (1.2ms)
  Rendered .bundle/gems/web-console-2.0.0.beta3/lib/action_dispatch/templates/rescues/routing_error.html.erb within rescues/layout (18.7ms)


Started GET "/static_pages/home" for 54.75.235.45 at 2015-07-13 11:57:56 +0000
Processing by StaticPagesController#home as HTML
  Rendered static_pages/home.html.erb within layouts/application (0.3ms)
Completed 200 OK in 1139ms (Views: 1138.0ms | ActiveRecord: 0.0ms)


Started GET "/assets/static_pages.self-e3b0c44298fc1c149afbf4c8996fb92427ae41e4649b934ca495991b7852b855.css?body=1" for 54.75.235.45 at 2015-07-13 11:57:58 +0000


Started GET "/assets/application.self-e80e8f2318043e8af94dddc2adad5a4f09739a8ebb323b3ab31cd71d45fd9113.css?body=1" for 54.75.235.45 at 2015-07-13 11:57:58 +0000


Started GET "/assets/jquery.self-d03a5518f45df77341bdbe6201ba3bfa547ebba8ed64f0ea56bfa5f96ea7c074.js?body=1" for 54.75.235.45 at 2015-07-13 11:57:58 +0000


Started GET "/assets/static_pages.self-877aef30ae1b040ab8a3aba4e3e309a11d7f2612f44dde450b5c157aa5f95c05.js?body=1" for 54.75.235.45 at 2015-07-13 11:57:58 +0000


Started GET "/assets/turbolinks.self-680e388bf7f759d85e2dbe0044d33f55e12b26da721317111c01ec92e53df55e.js?body=1" for 54.75.235.45 at 2015-07-13 11:57:58 +0000


Started GET "/assets/jquery_ujs.self-8e98a7a072a6cee1372d19fff9ff3e6aa1e39a37d89d6f06861637d061113ee7.js?body=1" for 54.75.235.45 at 2015-07-13 11:57:58 +0000


Started GET "/assets/application.self-3b8dabdc891efe46b9a144b400ad69e37d7e5876bdc39dee783419a69d7ca819.js?body=1" for 54.75.235.45 at 2015-07-13 11:57:58 +0000


Started GET "/static_pages/help" for 54.75.235.45 at 2015-07-13 11:59:28 +0000
Processing by StaticPagesController#help as HTML
  Rendered static_pages/help.html.erb within layouts/application (0.3ms)
Completed 200 OK in 26ms (Views: 25.5ms | ActiveRecord: 0.0ms)


Started GET "/static_pages/help" for 54.75.235.45 at 2015-07-13 12:23:09 +0000
Processing by StaticPagesController#help as HTML
  Rendered static_pages/help.html.erb within layouts/application (0.3ms)
Completed 200 OK in 25ms (Views: 24.9ms | ActiveRecord: 0.0ms)


Started GET "/assets/static_pages.self-e3b0c44298fc1c149afbf4c8996fb92427ae41e4649b934ca495991b7852b855.css?body=1" for 54.75.235.45 at 2015-07-13 12:23:09 +0000


Started GET "/assets/application.self-e80e8f2318043e8af94dddc2adad5a4f09739a8ebb323b3ab31cd71d45fd9113.css?body=1" for 54.75.235.45 at 2015-07-13 12:23:09 +0000


Started GET "/assets/jquery.self-d03a5518f45df77341bdbe6201ba3bfa547ebba8ed64f0ea56bfa5f96ea7c074.js?body=1" for 54.75.235.45 at 2015-07-13 12:23:09 +0000


Started GET "/assets/jquery_ujs.self-8e98a7a072a6cee1372d19fff9ff3e6aa1e39a37d89d6f06861637d061113ee7.js?body=1" for 54.75.235.45 at 2015-07-13 12:23:09 +0000


Started GET "/assets/turbolinks.self-680e388bf7f759d85e2dbe0044d33f55e12b26da721317111c01ec92e53df55e.js?body=1" for 54.75.235.45 at 2015-07-13 12:23:09 +0000


Started GET "/assets/static_pages.self-877aef30ae1b040ab8a3aba4e3e309a11d7f2612f44dde450b5c157aa5f95c05.js?body=1" for 54.75.235.45 at 2015-07-13 12:23:09 +0000


Started GET "/assets/application.self-3b8dabdc891efe46b9a144b400ad69e37d7e5876bdc39dee783419a69d7ca819.js?body=1" for 54.75.235.45 at 2015-07-13 12:23:10 +0000


Started GET "/static_pages/home" for 54.75.235.45 at 2015-07-13 12:23:17 +0000
Processing by StaticPagesController#home as HTML
  Rendered static_pages/home.html.erb within layouts/application (0.3ms)
Completed 200 OK in 36ms (Views: 35.9ms | ActiveRecord: 0.0ms)


Started GET "/static_pages/home" for 54.75.235.45 at 2015-07-13 13:17:33 +0000
Processing by StaticPagesController#home as HTML
  Rendered static_pages/home.html.erb within layouts/application (0.1ms)
Completed 200 OK in 54ms (Views: 36.1ms | ActiveRecord: 0.0ms)


Started GET "/assets/static_pages.self-e3b0c44298fc1c149afbf4c8996fb92427ae41e4649b934ca495991b7852b855.css?body=1" for 54.75.235.45 at 2015-07-13 13:17:33 +0000


Started GET "/assets/application.self-e80e8f2318043e8af94dddc2adad5a4f09739a8ebb323b3ab31cd71d45fd9113.css?body=1" for 54.75.235.45 at 2015-07-13 13:17:33 +0000


Started GET "/assets/jquery.self-d03a5518f45df77341bdbe6201ba3bfa547ebba8ed64f0ea56bfa5f96ea7c074.js?body=1" for 54.75.235.45 at 2015-07-13 13:17:33 +0000


Started GET "/assets/jquery_ujs.self-8e98a7a072a6cee1372d19fff9ff3e6aa1e39a37d89d6f06861637d061113ee7.js?body=1" for 54.75.235.45 at 2015-07-13 13:17:33 +0000


Started GET "/assets/turbolinks.self-680e388bf7f759d85e2dbe0044d33f55e12b26da721317111c01ec92e53df55e.js?body=1" for 54.75.235.45 at 2015-07-13 13:17:33 +0000


Started GET "/assets/static_pages.self-877aef30ae1b040ab8a3aba4e3e309a11d7f2612f44dde450b5c157aa5f95c05.js?body=1" for 54.75.235.45 at 2015-07-13 13:17:33 +0000


Started GET "/assets/application.self-3b8dabdc891efe46b9a144b400ad69e37d7e5876bdc39dee783419a69d7ca819.js?body=1" for 54.75.235.45 at 2015-07-13 13:17:33 +0000


Started GET "/static_pages/about" for 54.75.235.45 at 2015-07-13 13:17:37 +0000
Processing by StaticPagesController#about as HTML
  Rendered static_pages/about.html.erb within layouts/application (0.9ms)
Completed 200 OK in 38ms (Views: 37.5ms | ActiveRecord: 0.0ms)


Started GET "/" for 54.75.235.45 at 2015-07-13 13:27:17 +0000
Processing by ApplicationController#hello as HTML
  Rendered text template (0.0ms)
Completed 200 OK in 2ms (Views: 1.1ms | ActiveRecord: 0.0ms)


Started GET "/" for 54.75.235.45 at 2015-07-13 13:32:32 +0000
Processing by ApplicationController#hello as HTML
  Rendered text template (0.0ms)
Completed 200 OK in 1ms (Views: 0.4ms | ActiveRecord: 0.0ms)


Started GET "/" for 54.75.235.45 at 2015-07-13 13:32:36 +0000
Processing by ApplicationController#hello as HTML
  Rendered text template (0.0ms)
Completed 200 OK in 1ms (Views: 0.2ms | ActiveRecord: 0.0ms)


Started GET "/" for 54.75.235.45 at 2015-07-13 13:32:58 +0000
Processing by ApplicationController#hello as HTML
  Rendered text template (0.0ms)
Completed 200 OK in 1ms (Views: 0.2ms | ActiveRecord: 0.0ms)


Started GET "/" for 54.75.235.45 at 2015-07-13 13:33:00 +0000
Processing by ApplicationController#hello as HTML
  Rendered text template (0.0ms)
Completed 200 OK in 1ms (Views: 0.3ms | ActiveRecord: 0.0ms)


Started GET "/" for 54.75.235.45 at 2015-07-13 13:33:05 +0000
Processing by ApplicationController#hello as HTML
  Rendered text template (0.0ms)
Completed 200 OK in 1ms (Views: 0.2ms | ActiveRecord: 0.0ms)


Started GET "/" for 54.75.235.45 at 2015-07-13 13:43:52 +0000
Processing by ApplicationController#hello as HTML
  Rendered text template (0.0ms)
Completed 200 OK in 1ms (Views: 0.4ms | ActiveRecord: 0.0ms)


Started GET "/static_pages/help" for 54.75.235.45 at 2015-07-13 13:43:59 +0000
Processing by StaticPagesController#help as HTML
  Rendered static_pages/help.html.erb (2.4ms)
Completed 200 OK in 8ms (Views: 7.0ms | ActiveRecord: 0.0ms)
