/usr/local/opt/rbenv/versions/2.1.5/bin/ruby -r ./siteconf20150713-19265-1v7pg1.rb extconf.rb
checking for ffi_call() in -lffi... yes
checking for ffi_prep_closure()... yes
checking for ffi_raw_call()... yes
checking for ffi_prep_raw_closure()... yes
checking for rb_thread_blocking_region()... yes
checking for rb_thread_call_with_gvl()... yes
checking for rb_thread_call_without_gvl()... yes
checking for ffi_prep_cif_var()... yes
creating extconf.h
creating Makefile

make "DESTDIR=" clean

make "DESTDIR="
compiling AbstractMemory.c
compiling MappedType.c
compiling DataConverter.c
compiling Pointer.c
compiling ArrayType.c
compiling Types.c
compiling StructByValue.c
compiling ffi.c
compiling Struct.c
compiling StructLayout.c
compiling Buffer.c
compiling LongDouble.c
compiling MemoryPointer.c
compiling Platform.c
compiling FunctionInfo.c
compiling Thread.c
compiling Type.c
compiling Call.c
compiling ClosurePool.c
compiling DynamicLibrary.c
compiling Function.c
compiling Variadic.c
compiling LastError.c
compiling StructByReference.c
compiling MethodHandle.c
linking shared-object ffi_c.so

make "DESTDIR=" install
/usr/bin/install -c -m 0755 ffi_c.so ./.gem.20150713-19265-1fwbjti
installing default ffi_c libraries
